2020.12.06 16:13:29 INFO  Started: Metals version 0.9.7 in workspace 'C:\Users\ghash\Desktop\sbt-plugin.g8' for client vscode.
2020.12.06 16:13:33 INFO  time: initialize in 3.85s
2020.12.06 16:13:35 WARN  Build server is not auto-connectable.
2020.12.06 16:13:35 WARN  no build tool detected in workspace 'C:\Users\ghash\Desktop\sbt-plugin.g8'. The most common cause for this problem is that the editor was opened in the wrong working directory, for example if you use sbt then the workspace directory should contain build.sbt. 
2020.12.06 16:20:56 WARN  no build target for: C:\Users\ghash\Desktop\sbt-plugin.g8\src\main\g8\build.sbt
2020.12.06 16:21:00 INFO  no build target: using presentation compiler with only scala-library
Dec 06, 2020 4:21:00 PM org.eclipse.lsp4j.jsonrpc.RemoteEndpoint handleCancellation
WARNING: Unmatched cancel notification for request id 3
2020.12.06 16:21:06 WARN  no build target for: C:\Users\ghash\Desktop\sbt-plugin.g8\src\main\g8\build.sbt
2020.12.06 16:21:07 WARN  no build tool detected in workspace 'C:\Users\ghash\Desktop\sbt-plugin.g8'. The most common cause for this problem is that the editor was opened in the wrong working directory, for example if you use sbt then the workspace directory should contain build.sbt. 
2020.12.06 16:21:07 WARN  no build tool detected in workspace 'C:\Users\ghash\Desktop\sbt-plugin.g8'. The most common cause for this problem is that the editor was opened in the wrong working directory, for example if you use sbt then the workspace directory should contain build.sbt. 
2020.12.06 16:21:10 WARN  no build target for: C:\Users\ghash\Desktop\sbt-plugin.g8\src\main\g8\build.sbt
2020.12.06 16:22:03 WARN  no build tool detected in workspace 'C:\Users\ghash\Desktop\sbt-plugin.g8'. The most common cause for this problem is that the editor was opened in the wrong working directory, for example if you use sbt then the workspace directory should contain build.sbt. 
2020.12.06 16:29:23 WARN  no build target for: C:\Users\ghash\Desktop\sbt-plugin.g8\src\main\g8\plugin\src\main\scala\$organization$\$project_name__space,Camel$.scala
Dec 06, 2020 4:29:23 PM org.eclipse.lsp4j.jsonrpc.RemoteEndpoint handleCancellation
WARNING: Unmatched cancel notification for request id 41
2020.12.06 16:39:40 WARN  no build target for: C:\Users\ghash\Desktop\sbt-plugin.g8\src\main\g8\build.sbt
2020.12.06 16:48:42 WARN  no build tool detected in workspace 'C:\Users\ghash\Desktop\sbt-plugin.g8'. The most common cause for this problem is that the editor was opened in the wrong working directory, for example if you use sbt then the workspace directory should contain build.sbt. 
2020.12.06 16:56:01 WARN  no build tool detected in workspace 'C:\Users\ghash\Desktop\sbt-plugin.g8'. The most common cause for this problem is that the editor was opened in the wrong working directory, for example if you use sbt then the workspace directory should contain build.sbt. 
2020.12.06 19:53:57 WARN  no build tool detected in workspace 'C:\Users\ghash\Desktop\sbt-plugin.g8'. The most common cause for this problem is that the editor was opened in the wrong working directory, for example if you use sbt then the workspace directory should contain build.sbt. 
2020.12.06 21:10:44 WARN  no build tool detected in workspace 'C:\Users\ghash\Desktop\sbt-plugin.g8'. The most common cause for this problem is that the editor was opened in the wrong working directory, for example if you use sbt then the workspace directory should contain build.sbt. 
2020.12.06 21:14:20 WARN  no build target for: C:\Users\ghash\Desktop\sbt-plugin.g8\src\main\g8\build.sbt
2020.12.06 21:14:43 WARN  no build tool detected in workspace 'C:\Users\ghash\Desktop\sbt-plugin.g8'. The most common cause for this problem is that the editor was opened in the wrong working directory, for example if you use sbt then the workspace directory should contain build.sbt. 
2020.12.06 21:14:44 WARN  no build target for: C:\Users\ghash\Desktop\sbt-plugin.g8\src\main\g8\build.sbt
